Determining if the pthread_create exist failed with the following output:
Change Dir: /home/vency/ros_workspace/src/ROS_DEMO/build-handsfree_hw-Desktop-Default/CMakeFiles/CMakeTmp

Run Build Command:/usr/bin/make "cmTryCompileExec1920954138/fast"
/usr/bin/make -f CMakeFiles/cmTryCompileExec1920954138.dir/build.make CMakeFiles/cmTryCompileExec1920954138.dir/build
make[1]: 正在进入目录 `/home/vency/ros_workspace/src/ROS_DEMO/build-handsfree_hw-Desktop-Default/CMakeFiles/CMakeTmp'
/usr/bin/cmake -E cmake_progress_report /home/vency/ros_workspace/src/ROS_DEMO/build-handsfree_hw-Desktop-Default/CMakeFiles/CMakeTmp/CMakeFiles 1
Building C object CMakeFiles/cmTryCompileExec1920954138.dir/CheckSymbolExists.c.o
/usr/bin/cc    -o CMakeFiles/cmTryCompileExec1920954138.dir/CheckSymbolExists.c.o   -c /home/vency/ros_workspace/src/ROS_DEMO/build-handsfree_hw-Desktop-Default/CMakeFiles/CMakeTmp/CheckSymbolExists.c
Linking C executable cmTryCompileExec1920954138
/usr/bin/cmake -E cmake_link_script CMakeFiles/cmTryCompileExec1920954138.dir/link.txt --verbose=1
/usr/bin/cc       CMakeFiles/cmTryCompileExec1920954138.dir/CheckSymbolExists.c.o  -o cmTryCompileExec1920954138 -rdynamic 
CMakeFiles/cmTryCompileExec1920954138.dir/CheckSymbolExists.c.o：在函数‘main’中：
CheckSymbolExists.c:(.text+0x16)：对‘pthread_create’未定义的引用
collect2: error: ld returned 1 exit status
make[1]: *** [cmTryCompileExec1920954138] 错误 1
make[1]:正在离开目录 `/home/vency/ros_workspace/src/ROS_DEMO/build-handsfree_hw-Desktop-Default/CMakeFiles/CMakeTmp'
make: *** [cmTryCompileExec1920954138/fast] 错误 2

File /home/vency/ros_workspace/src/ROS_DEMO/build-handsfree_hw-Desktop-Default/CMakeFiles/CMakeTmp/CheckSymbolExists.c:
/* */
#include <pthread.h>

int main(int argc, char** argv)
{
  (void)argv;
#ifndef pthread_create
  return ((int*)(&pthread_create))[argc];
#else
  (void)argc;
  return 0;
#endif
}

Determining if the function pthread_create exists in the pthreads failed with the following output:
Change Dir: /home/vency/ros_workspace/src/ROS_DEMO/build-handsfree_hw-Desktop-Default/CMakeFiles/CMakeTmp

Run Build Command:/usr/bin/make "cmTryCompileExec2655441604/fast"
/usr/bin/make -f CMakeFiles/cmTryCompileExec2655441604.dir/build.make CMakeFiles/cmTryCompileExec2655441604.dir/build
make[1]: 正在进入目录 `/home/vency/ros_workspace/src/ROS_DEMO/build-handsfree_hw-Desktop-Default/CMakeFiles/CMakeTmp'
/usr/bin/cmake -E cmake_progress_report /home/vency/ros_workspace/src/ROS_DEMO/build-handsfree_hw-Desktop-Default/CMakeFiles/CMakeTmp/CMakeFiles 1
Building C object CMakeFiles/cmTryCompileExec2655441604.dir/CheckFunctionExists.c.o
/usr/bin/cc   -DCHECK_FUNCTION_EXISTS=pthread_create   -o CMakeFiles/cmTryCompileExec2655441604.dir/CheckFunctionExists.c.o   -c /usr/share/cmake-2.8/Modules/CheckFunctionExists.c
Linking C executable cmTryCompileExec2655441604
/usr/bin/cmake -E cmake_link_script CMakeFiles/cmTryCompileExec2655441604.dir/link.txt --verbose=1
/usr/bin/cc   -DCHECK_FUNCTION_EXISTS=pthread_create    CMakeFiles/cmTryCompileExec2655441604.dir/CheckFunctionExists.c.o  -o cmTryCompileExec2655441604 -rdynamic -lpthreads 
/usr/bin/ld: cannot find -lpthreads
collect2: error: ld returned 1 exit status
make[1]: *** [cmTryCompileExec2655441604] 错误 1
make[1]:正在离开目录 `/home/vency/ros_workspace/src/ROS_DEMO/build-handsfree_hw-Desktop-Default/CMakeFiles/CMakeTmp'
make: *** [cmTryCompileExec2655441604/fast] 错误 2


